0 info it worked if it ends with ok
1 verbose cli [ 'C:\\Program Files\\nodejs\\\\node.exe',
1 verbose cli   'C:\\Program Files\\nodejs\\node_modules\\npm\\bin\\npm-cli.js',
1 verbose cli   'start' ]
2 info using npm@1.4.28
3 info using node@v0.12.0
4 verbose node symlink C:\Program Files\nodejs\\node.exe
5 error Error: ENOENT, open 'D:\ar\_github\ng\prolaim\src\client\package.json'
5 error     at Error (native)
6 error If you need help, you may report this *entire* log,
6 error including the npm and node versions, at:
6 error     <http://github.com/npm/npm/issues>
7 error System Windows_NT 6.1.7601
8 error command "C:\\Program Files\\nodejs\\\\node.exe" "C:\\Program Files\\nodejs\\node_modules\\npm\\bin\\npm-cli.js" "start"
9 error cwd D:\ar\_github\ng\prolaim\src\client
10 error node -v v0.12.0
11 error npm -v 1.4.28
12 error path D:\ar\_github\ng\prolaim\src\client\package.json
13 error code ENOENT
14 error errno -4058
15 verbose exit [ -4058, true ]
